2026-03-03 16:31:47	INFO	logger/logger.go:170	github.com/gwyy/WebTrailAI/server/internal/logger.(*SugaredLogger).Infof	
	web-trail-ai 启动成功
	当前版本:v0.0.1
	默认前端文件运行地址:http://127.0.0.1:3457

2026-03-03 16:32:10	INFO	logger/logger.go:170	github.com/gwyy/WebTrailAI/server/internal/logger.(*SugaredLogger).Infof	
	web-trail-ai 启动成功
	当前版本:v0.0.1
	默认前端文件运行地址:http://127.0.0.1:3457

2026-03-03 16:32:54	INFO	logger/logger.go:170	github.com/gwyy/WebTrailAI/server/internal/logger.(*SugaredLogger).Infof	
	web-trail-ai 启动成功
	当前版本:v0.0.1
	默认前端文件运行地址:http://127.0.0.1:3457

2026-03-03 16:33:20	INFO	logger/logger.go:170	github.com/gwyy/WebTrailAI/server/internal/logger.(*SugaredLogger).Infof	
	web-trail-ai 启动成功
	当前版本:v0.0.1
	默认前端文件运行地址:http://127.0.0.1:3457

2026-03-03 16:34:22	INFO	logger/logger.go:170	github.com/gwyy/WebTrailAI/server/internal/logger.(*SugaredLogger).Infof	
	web-trail-ai 启动成功
	当前版本:v0.0.1
	默认前端文件运行地址:http://127.0.0.1:3457

2026-03-03 16:37:21	INFO	logger/logger.go:170	github.com/gwyy/WebTrailAI/server/internal/logger.(*SugaredLogger).Infof	
	web-trail-ai 启动成功
	当前版本:v0.0.1
	默认前端文件运行地址:http://127.0.0.1:3457

2026-03-03 16:45:15	INFO	logger/logger.go:170	github.com/gwyy/WebTrailAI/server/internal/logger.(*SugaredLogger).Infof	
	web-trail-ai 启动成功
	当前版本:v0.0.1
	默认前端文件运行地址:http://127.0.0.1:3457

2026-03-03 16:50:53	INFO	logger/logger.go:170	github.com/gwyy/WebTrailAI/server/internal/logger.(*SugaredLogger).Infof	
	web-trail-ai 启动成功
	当前版本:v0.0.1
	默认前端文件运行地址:http://127.0.0.1:3457

2026-03-03 16:56:21	INFO	logger/logger.go:170	github.com/gwyy/WebTrailAI/server/internal/logger.(*SugaredLogger).Infof	
	web-trail-ai 启动成功
	当前版本:v0.0.1
	默认前端文件运行地址:http://127.0.0.1:3457

2026-03-03 16:59:59	INFO	logger/logger.go:142	github.com/gwyy/WebTrailAI/server/internal/logger.(*SugaredLogger).Info	server shutdown gracefully
2026-03-03 17:03:35	INFO	logger/logger.go:170	github.com/gwyy/WebTrailAI/server/internal/logger.(*SugaredLogger).Infof	
	web-trail-ai 启动成功
	当前版本:v0.0.1
	默认前端文件运行地址:http://127.0.0.1:3457

2026-03-03 17:07:04	INFO	logger/logger.go:142	github.com/gwyy/WebTrailAI/server/internal/logger.(*SugaredLogger).Info	server shutdown gracefully
2026-03-03 17:07:15	INFO	logger/logger.go:170	github.com/gwyy/WebTrailAI/server/internal/logger.(*SugaredLogger).Infof	
	web-trail-ai 启动成功
	当前版本:v0.0.1
	默认前端文件运行地址:http://127.0.0.1:3457

2026-03-03 17:08:35	INFO	logger/logger.go:142	github.com/gwyy/WebTrailAI/server/internal/logger.(*SugaredLogger).Info	server shutdown gracefully
2026-03-03 17:12:14	INFO	logger/logger.go:170	github.com/gwyy/WebTrailAI/server/internal/logger.(*SugaredLogger).Infof	
	web-trail-ai 启动成功
	当前版本:v0.0.1
	默认前端文件运行地址:http://127.0.0.1:3457

2026-03-03 17:15:38	INFO	logger/logger.go:142	github.com/gwyy/WebTrailAI/server/internal/logger.(*SugaredLogger).Info	server shutdown gracefully
2026-03-03 17:15:56	INFO	logger/logger.go:170	github.com/gwyy/WebTrailAI/server/internal/logger.(*SugaredLogger).Infof	
	web-trail-ai 启动成功
	当前版本:v0.0.1
	默认前端文件运行地址:http://127.0.0.1:3457

2026-03-03 17:27:59	INFO	logger/logger.go:170	github.com/gwyy/WebTrailAI/server/internal/logger.(*SugaredLogger).Infof	
	web-trail-ai 启动成功
	当前版本:v0.0.1
	默认前端文件运行地址:http://127.0.0.1:3457

2026-03-03 18:44:16	INFO	logger/logger.go:170	github.com/gwyy/WebTrailAI/server/internal/logger.(*SugaredLogger).Infof	
	web-trail-ai 启动成功
	当前版本:v0.0.1
	默认前端文件运行地址:http://127.0.0.1:3457

2026-03-03 18:47:53	INFO	logger/logger.go:142	github.com/gwyy/WebTrailAI/server/internal/logger.(*SugaredLogger).Info	server shutdown gracefully
2026-03-03 18:48:02	INFO	logger/logger.go:170	github.com/gwyy/WebTrailAI/server/internal/logger.(*SugaredLogger).Infof	
	web-trail-ai 启动成功
	当前版本:v0.0.1
	默认前端文件运行地址:http://127.0.0.1:3457

2026-03-03 18:57:24	INFO	logger/logger.go:170	github.com/gwyy/WebTrailAI/server/internal/logger.(*SugaredLogger).Infof	
	web-trail-ai 启动成功
	当前版本:v0.0.1
	默认前端文件运行地址:http://127.0.0.1:3457

2026-03-03 19:49:02	INFO	logger/logger.go:170	github.com/gwyy/WebTrailAI/server/internal/logger.(*SugaredLogger).Infof	
	web-trail-ai 启动成功
	当前版本:v0.0.1
	默认前端文件运行地址:http://127.0.0.1:3457

2026-03-03 19:51:28	INFO	logger/logger.go:142	github.com/gwyy/WebTrailAI/server/internal/logger.(*SugaredLogger).Info	server shutdown gracefully
2026-03-03 19:51:31	INFO	logger/logger.go:170	github.com/gwyy/WebTrailAI/server/internal/logger.(*SugaredLogger).Infof	
	web-trail-ai 启动成功
	当前版本:v0.0.1
	默认前端文件运行地址:http://127.0.0.1:3457

